[17:24:05] [main/INFO] (Fabric|Loader) [FabricLoader] Loading 43 mods: fabric-screen-handler-api-v1@1.1.0+872498413a, fabric-renderer-api-v1@0.3.3+a4467d2a3a, fabric-networking-blockentity-v0@0.2.5+b50ffc7b3a, minecraft@1.16.5, fabric-keybindings-v0@0.2.0+3fa9f7c53a, fabric-command-api-v1@1.0.9+a4467d2a3a, fabricloader@0.11.3, fabric-tool-attribute-api-v1@1.2.4+2b4623793a, fabric-structure-api-v1@1.1.0+f8ac1db23a, fabric-renderer-indigo@0.4.3+a4467d2a3a, fabric-containers-v0@0.1.8+045df74f3a, fabric-object-builder-api-v1@1.9.2+a89534ab3a, java@8, fabric-item-api-v1@1.2.0+f8ac1db23a, fabric-crash-report-info-v1@0.1.2+b7f9825d3a, fabric-events-interaction-v0@0.4.1+f8ac1db23a, fabric-game-rule-api-v1@1.0.3+a4467d2a3a, fabric-api-base@0.2.0+9f0fb4b83a, fabric-rendering-v0@1.1.1+f8ac1db23a, fabric-key-binding-api-v1@1.0.1+730711c63a, fabric-rendering-v1@1.3.1+f8ac1db23a, fabric-rendering-data-attachment-v1@0.1.4+f8ac1db23a, fabric-resource-loader-v0@0.3.1+facf3bbf3a, mooses@Prerelease-21w17a, fabric-textures-v0@1.0.5+a4467d2a3a, fabric-content-registries-v0@0.1.9+059ea8663a, fabric-tag-extensions-v0@1.0.3+ac8e8c593a, fabric-biome-api-v1@3.0.0+8367596d3a, fabric-rendering-fluids-v1@0.1.12+f8ac1db23a, fabric-registry-sync-v0@0.6.1+a4467d2a3a, fabric-commands-v0@0.2.0+52d308363a, fabric-blockrenderlayer-v1@1.1.4+c6a8ea893a, fabric-lifecycle-events-v1@1.2.0+74cc3b203a, fabric-mining-levels-v0@0.1.2+b764ce993a, fabric-renderer-registries-v1@2.2.0+f8ac1db23a, fabric-events-lifecycle-v0@0.2.0+16acbe5b3a, fabric-loot-tables-v1@1.0.1+432ea1883a, fabric@0.25.1+build.416-1.16, fabric-item-groups-v0@0.2.1+a4467d2a3a, fabric-particles-v1@0.2.2+fb0d9b0e3a, fabric-models-v0@0.1.1+f8ac1db23a, fabric-networking-v0@0.1.10+e00ecb5f3a, fabric-object-builders-v0@0.7.1+a4467d2a3a
[17:24:05] [main/WARN] (Fabric|Loader) Mod `mooses` (Prerelease-21w17a) does not respect SemVer - comparison support is limited.
[17:24:06] [main/INFO] (mixin) SpongePowered MIXIN Subsystem Version=0.8.2 Source=file:/Users/ozheng/.gradle/caches/modules-2/files-2.1/net.fabricmc/sponge-mixin/0.9.2+mixin.0.8.2/12c437eebf031967eaa7daad861e115932772cc7/sponge-mixin-0.9.2+mixin.0.8.2.jar Service=Knot/Fabric Env=CLIENT
[17:24:07] [main/INFO] (Fabric|MixinBootstrap) Loaded Fabric development mappings for mixin remapper!
[17:24:09] [main/INFO] (mixin) Remapping refMap fabric-networking-v0-refmap.json using remapper chain
[17:24:09] [main/INFO] (mixin) Remapping refMap fabric-networking-blockentity-v0-refmap.json using remapper chain
[17:24:09] [main/INFO] (mixin) Remapping refMap fabric-screen-handler-api-v1-refmap.json using remapper chain
[17:24:09] [main/INFO] (mixin) Remapping refMap fabric-lifecycle-events-v1-refmap.json using remapper chain
[17:24:09] [main/INFO] (mixin) Remapping refMap fabric-containers-v0-refmap.json using remapper chain
[17:24:09] [main/INFO] (mixin) Remapping refMap fabric-renderer-indigo-refmap.json using remapper chain
[17:24:09] [main/INFO] (mixin) Remapping refMap fabric-rendering-data-attachment-v1-refmap.json using remapper chain
[17:24:09] [main/INFO] (mixin) Remapping refMap fabric-structure-api-v1-refmap.json using remapper chain
[17:24:09] [main/INFO] (mixin) Remapping refMap fabric-item-api-v1-refmap.json using remapper chain
[17:24:09] [main/INFO] (mixin) Remapping refMap fabric-events-interaction-v0-refmap.json using remapper chain
[17:24:09] [main/INFO] (mixin) Remapping refMap fabric-loot-tables-v1-refmap.json using remapper chain
[17:24:09] [main/INFO] (mixin) Remapping refMap fabric-object-builder-api-v1-refmap.json using remapper chain
[17:24:09] [main/INFO] (mixin) Remapping refMap fabric-renderer-registries-v1-refmap.json using remapper chain
[17:24:09] [main/INFO] (mixin) Remapping refMap fabric-textures-v0-refmap.json using remapper chain
[17:24:09] [main/INFO] (mixin) Remapping refMap fabric-registry-sync-v0-refmap.json using remapper chain
[17:24:09] [main/INFO] (mixin) Remapping refMap fabric-models-v0-refmap.json using remapper chain
[17:24:09] [main/INFO] (mixin) Remapping refMap fabric-blockrenderlayer-v1-refmap.json using remapper chain
[17:24:09] [main/INFO] (mixin) Remapping refMap fabric-renderer-api-v1-refmap.json using remapper chain
[17:24:09] [main/INFO] (mixin) Remapping refMap fabric-containers-v0-refmap.json using remapper chain
[17:24:09] [main/INFO] (mixin) Remapping refMap fabric-rendering-fluids-v1-refmap.json using remapper chain
[17:24:09] [main/INFO] (mixin) Remapping refMap fabric-biome-api-v1-refmap.json using remapper chain
[17:24:09] [main/INFO] (mixin) Remapping refMap fabric-resource-loader-v0-refmap.json using remapper chain
[17:24:09] [main/INFO] (mixin) Remapping refMap fabric-game-rule-api-v1-refmap.json using remapper chain
[17:24:09] [main/INFO] (mixin) Remapping refMap fabric-particles-v1-refmap.json using remapper chain
[17:24:09] [main/INFO] (mixin) Remapping refMap fabric-object-builders-refmap.json using remapper chain
[17:24:09] [main/INFO] (mixin) Remapping refMap fabric-tag-extensions-v0-refmap.json using remapper chain
[17:24:09] [main/INFO] (mixin) Remapping refMap fabric-tool-attribute-api-v1-refmap.json using remapper chain
[17:24:09] [main/INFO] (mixin) Remapping refMap fabric-rendering-v1-refmap.json using remapper chain
[17:24:09] [main/INFO] (mixin) Remapping refMap fabric-item-groups-v0-refmap.json using remapper chain
[17:24:09] [main/INFO] (mixin) Remapping refMap fabric-content-registries-v0-refmap.json using remapper chain
[17:24:09] [main/INFO] (mixin) Remapping refMap fabric-command-api-v1-refmap.json using remapper chain
[17:24:09] [main/INFO] (mixin) Remapping refMap fabric-crash-report-info-v1-refmap.json using remapper chain
[17:24:09] [main/INFO] (mixin) Remapping refMap fabric-key-binding-api-v1-refmap.json using remapper chain
[17:24:09] [main/INFO] (mixin) Remapping refMap fabric-renderer-api-v1-refmap.json using remapper chain
[17:24:09] [main/WARN] (mixin) @Mixin target net/minecraft/server/world/ThreadedAnvilChunkStorage$EntityTracker is public in fabric-networking-v0.mixins.json:MixinEntityTracker and should be specified in value
[17:24:10] [main/WARN] (mixin) @Mixin target net/minecraft/client/render/block/BlockModelRenderer$AmbientOcclusionCalculator is public in fabric-renderer-indigo.mixins.json:MixinAmbientOcclusionCalculator and should be specified in value
[17:24:10] [main/WARN] (mixin) @Mixin target net/minecraft/client/render/chunk/ChunkBuilder$BuiltChunk$RebuildTask is public in fabric-renderer-indigo.mixins.json:MixinChunkRebuildTask and should be specified in value
[17:24:11] [main/WARN] (mixin) @Mixin target net/minecraft/village/TradeOffers$TypeAwareBuyForOneEmeraldFactory is public in fabric-object-builder-v1.mixins.json:TypeAwareTradeMixin and should be specified in value
[17:24:12] [main/WARN] (mixin) @Mixin target net/minecraft/server/command/GameRuleCommand$1 is public in fabric-game-rule-api-v1.mixins.json:GameRuleCommandVisitorMixin and should be specified in value
[17:24:12] [main/WARN] (mixin) @Mixin target net/minecraft/client/gui/screen/world/EditGameRulesScreen$RuleListWidget$1 is public in fabric-game-rule-api-v1.mixins.json:client.RuleListWidgetVisitorMixin and should be specified in value
[17:24:12] [main/WARN] (mixin) @Mixin target net/minecraft/client/particle/ParticleManager$SimpleSpriteProvider is public in fabric-particles-v1.mixins.json:ParticleManagerAccessor$SimpleSpriteProviderAccessor and should be specified in value
[17:24:12] [main/WARN] (mixin) @Mixin target net/minecraft/tag/Tag$1 is public in fabric-tag-extensions-v0.mixins.json:MixinTagImpl and should be specified in value
[17:24:12] [main/WARN] (mixin) @Mixin target net/minecraft/tag/RequiredTagList$TagWrapper is public in fabric-tag-extensions-v0.mixins.json:MixinTagImpl and should be specified in value
[17:24:39] [main/INFO] (Minecraft) Environment: authHost='https://authserver.mojang.com', accountsHost='https://api.mojang.com', sessionHost='https://sessionserver.mojang.com', servicesHost='https://api.minecraftservices.com', name='PROD'
[17:24:44] [main/ERROR] (Minecraft) Failed to verify authentication
com.mojang.authlib.exceptions.AuthenticationUnavailableException: null
	at com.mojang.authlib.yggdrasil.YggdrasilSocialInteractionsService.checkPrivileges(YggdrasilSocialInteractionsService.java:97) ~[authlib-2.1.28.jar:?]
	at com.mojang.authlib.yggdrasil.YggdrasilSocialInteractionsService.<init>(YggdrasilSocialInteractionsService.java:40) ~[authlib-2.1.28.jar:?]
	at com.mojang.authlib.yggdrasil.YggdrasilAuthenticationService.createSocialInteractionsService(YggdrasilAuthenticationService.java:152) ~[authlib-2.1.28.jar:?]
	at net.minecraft.client.MinecraftClient.method_31382(MinecraftClient.java:563) [minecraft-1.16.5-mapped-net.fabricmc.yarn-1.16.5+build.6-v2.jar:?]
	at net.minecraft.client.MinecraftClient.<init>(MinecraftClient.java:398) [minecraft-1.16.5-mapped-net.fabricmc.yarn-1.16.5+build.6-v2.jar:?]
	at net.minecraft.client.main.Main.main(Main.java:149) [minecraft-1.16.5-mapped-net.fabricmc.yarn-1.16.5+build.6-v2.jar:?]
	at sun.reflect.NativeMethodAccessorImpl.invoke0(Native Method) ~[?:1.8.0_282]
	at sun.reflect.NativeMethodAccessorImpl.invoke(NativeMethodAccessorImpl.java:62) ~[?:1.8.0_282]
	at sun.reflect.DelegatingMethodAccessorImpl.invoke(DelegatingMethodAccessorImpl.java:43) ~[?:1.8.0_282]
	at java.lang.reflect.Method.invoke(Method.java:498) ~[?:1.8.0_282]
	at net.fabricmc.loader.game.MinecraftGameProvider.launch(MinecraftGameProvider.java:226) [fabric-loader-0.11.3.jar:?]
	at net.fabricmc.loader.launch.knot.Knot.launch(Knot.java:146) [fabric-loader-0.11.3.jar:?]
	at net.fabricmc.loader.launch.knot.KnotClient.main(KnotClient.java:28) [fabric-loader-0.11.3.jar:?]
	at net.fabricmc.devlaunchinjector.Main.main(Main.java:86) [dev-launch-injector-0.2.1+build.8.jar:?]
[17:24:44] [main/INFO] (Minecraft) Setting user: Player835
[17:24:44] [main/INFO] (Minecraft) [STDOUT]: 
[34m  __  __                        __  __           _ 
 |  \/  | ___   ___  ___  ___  |  \/  | ___   __| |
 | |\/| |/ _ \ / _ \/ __|/ _ \ | |\/| |/ _ \ / _` |
 | |  | | (_) | (_) \__ \  __/ | |  | | (_) | (_| |
 |_|  |_|\___/ \___/|___/\___| |_|  |_|\___/ \__,_|
                                                   
[17:24:44] [main/INFO] (Minecraft) [STDOUT]: 
[0m-=-=-=-=-=-=-=-=-=-=-=-=-=-=-=-=-=-=-=-=-
[31mMoosesMod [33mPRE-Snapshot 21w15a
[0mThe collaborative efforts of
[32mcinzfurz, nf2m, Puffel_, JustSticky
[0m-=-=-=-=-=-=-=-=-=-=-=-=-=-=-=-=-=-=-=-=-
[17:24:45] [main/INFO] (Indigo) [Indigo] Registering Indigo renderer!
[17:24:46] [main/INFO] (Minecraft) Backend library: LWJGL version 3.2.1 build 12
[17:24:56] [main/INFO] (Minecraft) Reloading ResourceManager: Default, Fabric Screen Handler API (v1), Fabric Renderer API (v1), Fabric Networking Block Entity (v0), Fabric Key Bindings (v0), Fabric Command API (v1), Fabric Loader, Fabric Tool Attribute API (v1), Fabric Renderer - Indigo, Fabric Containers (v0), Fabric Object Builder API (v1), Fabric Item API (v1), Fabric Crash Report Info (v1), Fabric Events Interaction (v0), Fabric Game Rule API (v1), Fabric API Base, Fabric Rendering (v0), Fabric Key Binding API (v1), Fabric Rendering (v1), Fabric Rendering Data Attachment (v1), Fabric Resource Loader (v0), Moose Mod, Fabric Textures (v0), Fabric Content Registries (v0), Fabric Tag Extensions (v0), Fabric Biome API (v1), Fabric Rendering Fluids (v1), Fabric Registry Sync (v0), Fabric BlockRenderLayer Registration (v1), Fabric Lifecycle Events (v1), Fabric Mining Levels (v0), Fabric Renderer Registries (v1), Fabric Events Lifecycle (v0), Fabric Loot Tables (v1), Fabric API, Fabric Item Groups (v0), Fabric Models (v0), Fabric Networking (v0), Fabric Object Builders (v0)
[17:24:57] [Realms Notification Availability checker #1/INFO] (Minecraft) Could not authorize you against Realms server: Invalid session id
[17:25:26] [Worker-Main-4/WARN] (Minecraft) Exception loading blockstate definition: mooses:blockstates/moose_stone.json: java.io.FileNotFoundException: mooses:blockstates/moose_stone.json
[17:25:26] [Worker-Main-4/WARN] (Minecraft) Exception loading blockstate definition: 'mooses:blockstates/moose_stone.json' missing model for variant: 'mooses:moose_stone#'
[17:25:26] [Worker-Main-4/WARN] (Minecraft) Exception loading blockstate definition: mooses:blockstates/moose_grass.json: java.io.FileNotFoundException: mooses:blockstates/moose_grass.json
[17:25:26] [Worker-Main-4/WARN] (Minecraft) Exception loading blockstate definition: 'mooses:blockstates/moose_grass.json' missing model for variant: 'mooses:moose_grass#'
[17:25:26] [Worker-Main-4/WARN] (Minecraft) Exception loading blockstate definition: mooses:blockstates/moose_dirt.json: java.io.FileNotFoundException: mooses:blockstates/moose_dirt.json
[17:25:26] [Worker-Main-4/WARN] (Minecraft) Exception loading blockstate definition: 'mooses:blockstates/moose_dirt.json' missing model for variant: 'mooses:moose_dirt#'
[17:25:26] [Worker-Main-4/WARN] (Minecraft) Unable to load model: 'minecraft:mooses/block/moose_log' referenced from: mooses:moose_log#: java.io.FileNotFoundException: minecraft:models/mooses/block/moose_log.json
[17:25:26] [Worker-Main-4/WARN] (Minecraft) Exception loading blockstate definition: mooses:blockstates/moose_plank.json: java.io.FileNotFoundException: mooses:blockstates/moose_plank.json
[17:25:26] [Worker-Main-4/WARN] (Minecraft) Exception loading blockstate definition: 'mooses:blockstates/moose_plank.json' missing model for variant: 'mooses:moose_plank#'
[17:25:50] [main/INFO] (Minecraft) OpenAL initialized.
[17:25:50] [main/INFO] (Minecraft) Sound engine started
[17:25:51] [main/INFO] (Minecraft) Created: 1024x1024x4 minecraft:textures/atlas/blocks.png-atlas
[17:25:51] [main/INFO] (Minecraft) Created: 256x128x4 minecraft:textures/atlas/signs.png-atlas
[17:25:51] [main/INFO] (Minecraft) Created: 1024x512x4 minecraft:textures/atlas/banner_patterns.png-atlas
[17:25:51] [main/INFO] (Minecraft) Created: 1024x512x4 minecraft:textures/atlas/shield_patterns.png-atlas
[17:25:51] [main/INFO] (Minecraft) Created: 256x256x4 minecraft:textures/atlas/chest.png-atlas
[17:25:51] [main/INFO] (Minecraft) Created: 512x256x4 minecraft:textures/atlas/beds.png-atlas
[17:25:51] [main/INFO] (Minecraft) Created: 512x256x4 minecraft:textures/atlas/shulker_boxes.png-atlas
[17:25:54] [main/INFO] (Minecraft) Created: 256x256x0 minecraft:textures/atlas/particles.png-atlas
[17:25:54] [main/INFO] (Minecraft) Created: 256x256x0 minecraft:textures/atlas/paintings.png-atlas
[17:25:54] [main/INFO] (Minecraft) Created: 256x128x0 minecraft:textures/atlas/mob_effects.png-atlas
[17:30:34] [main/WARN] (Minecraft) Ambiguity between arguments [teleport, destination] and [teleport, targets] with inputs: [Player, 0123, @e, dd12be42-52a9-4a91-a8a1-11c01849e498]
[17:30:34] [main/WARN] (Minecraft) Ambiguity between arguments [teleport, location] and [teleport, destination] with inputs: [0.1 -0.5 .9, 0 0 0]
[17:30:34] [main/WARN] (Minecraft) Ambiguity between arguments [teleport, location] and [teleport, targets] with inputs: [0.1 -0.5 .9, 0 0 0]
[17:30:34] [main/WARN] (Minecraft) Ambiguity between arguments [teleport, targets] and [teleport, destination] with inputs: [Player, 0123, dd12be42-52a9-4a91-a8a1-11c01849e498]
[17:30:34] [main/WARN] (Minecraft) Ambiguity between arguments [teleport, targets, location] and [teleport, targets, destination] with inputs: [0.1 -0.5 .9, 0 0 0]
[17:30:34] [main/INFO] (Minecraft) Reloading ResourceManager: Default, Fabric Tool Attribute API (v1), Moose Mod
[17:30:34] [Worker-Main-14/ERROR] (Minecraft) Couldn't read item tag list fabric:axes from fabric:tags/items/axes.json in data pack Moose Mod
com.google.gson.JsonParseException: java.io.EOFException: End of input at line 1 column 1 path $
	at net.minecraft.util.JsonHelper.deserialize(JsonHelper.java:286) ~[minecraft-1.16.5-mapped-net.fabricmc.yarn-1.16.5+build.6-v2.jar:?]
	at net.minecraft.util.JsonHelper.deserialize(JsonHelper.java:327) ~[minecraft-1.16.5-mapped-net.fabricmc.yarn-1.16.5+build.6-v2.jar:?]
	at net.minecraft.tag.TagGroupLoader.method_18243(TagGroupLoader.java:71) ~[minecraft-1.16.5-mapped-net.fabricmc.yarn-1.16.5+build.6-v2.jar:?]
	at java.util.concurrent.CompletableFuture$AsyncSupply.run(CompletableFuture.java:1604) [?:1.8.0_282]
	at java.util.concurrent.CompletableFuture$AsyncSupply.exec(CompletableFuture.java:1596) [?:1.8.0_282]
	at java.util.concurrent.ForkJoinTask.doExec(ForkJoinTask.java:289) [?:1.8.0_282]
	at java.util.concurrent.ForkJoinPool$WorkQueue.runTask(ForkJoinPool.java:1056) [?:1.8.0_282]
	at java.util.concurrent.ForkJoinPool.runWorker(ForkJoinPool.java:1692) [?:1.8.0_282]
	at java.util.concurrent.ForkJoinWorkerThread.run(ForkJoinWorkerThread.java:175) [?:1.8.0_282]
Caused by: java.io.EOFException: End of input at line 1 column 1 path $
	at com.google.gson.stream.JsonReader.nextNonWhitespace(JsonReader.java:1393) ~[gson-2.8.0.jar:?]
	at com.google.gson.stream.JsonReader.doPeek(JsonReader.java:549) ~[gson-2.8.0.jar:?]
	at com.google.gson.stream.JsonReader.peek(JsonReader.java:425) ~[gson-2.8.0.jar:?]
	at com.google.gson.internal.bind.TypeAdapters$29.read(TypeAdapters.java:716) ~[gson-2.8.0.jar:?]
	at com.google.gson.internal.bind.TypeAdapters$29.read(TypeAdapters.java:714) ~[gson-2.8.0.jar:?]
	at com.google.gson.internal.bind.TypeAdapters$35$1.read(TypeAdapters.java:910) ~[gson-2.8.0.jar:?]
	at net.minecraft.util.JsonHelper.deserialize(JsonHelper.java:284) ~[minecraft-1.16.5-mapped-net.fabricmc.yarn-1.16.5+build.6-v2.jar:?]
	... 8 more
[17:30:43] [main/ERROR] (Minecraft) Parsing error loading recipe mooses:moose_hoe_1
com.google.gson.JsonSyntaxException: Invalid pattern: each row must be the same width
	at net.minecraft.recipe.ShapedRecipe.getPattern(ShapedRecipe.java:212) ~[minecraft-1.16.5-mapped-net.fabricmc.yarn-1.16.5+build.6-v2.jar:?]
	at net.minecraft.recipe.ShapedRecipe.method_8162(ShapedRecipe.java:36) ~[minecraft-1.16.5-mapped-net.fabricmc.yarn-1.16.5+build.6-v2.jar:?]
	at net.minecraft.recipe.ShapedRecipe$Serializer.read(ShapedRecipe.java:260) ~[minecraft-1.16.5-mapped-net.fabricmc.yarn-1.16.5+build.6-v2.jar:?]
	at net.minecraft.recipe.ShapedRecipe$Serializer.read(ShapedRecipe.java:258) ~[minecraft-1.16.5-mapped-net.fabricmc.yarn-1.16.5+build.6-v2.jar:?]
	at net.minecraft.recipe.RecipeManager.deserialize(RecipeManager.java:137) ~[minecraft-1.16.5-mapped-net.fabricmc.yarn-1.16.5+build.6-v2.jar:?]
	at net.minecraft.recipe.RecipeManager.apply(RecipeManager.java:59) ~[minecraft-1.16.5-mapped-net.fabricmc.yarn-1.16.5+build.6-v2.jar:?]
	at net.minecraft.recipe.RecipeManager.apply(RecipeManager.java:46) ~[minecraft-1.16.5-mapped-net.fabricmc.yarn-1.16.5+build.6-v2.jar:?]
	at net.minecraft.resource.SinglePreparationResourceReloadListener.method_18790(SinglePreparationResourceReloadListener.java:13) ~[minecraft-1.16.5-mapped-net.fabricmc.yarn-1.16.5+build.6-v2.jar:?]
	at java.util.concurrent.CompletableFuture.uniAccept(CompletableFuture.java:670) ~[?:1.8.0_282]
	at java.util.concurrent.CompletableFuture$UniAccept.tryFire(CompletableFuture.java:646) ~[?:1.8.0_282]
	at java.util.concurrent.CompletableFuture$Completion.run(CompletableFuture.java:456) ~[?:1.8.0_282]
	at net.minecraft.resource.ResourceReloader.method_18365(ResourceReloader.java:69) ~[minecraft-1.16.5-mapped-net.fabricmc.yarn-1.16.5+build.6-v2.jar:?]
	at net.minecraft.util.thread.ThreadExecutor.executeTask(ThreadExecutor.java:136) ~[minecraft-1.16.5-mapped-net.fabricmc.yarn-1.16.5+build.6-v2.jar:?]
	at net.minecraft.util.thread.ReentrantThreadExecutor.executeTask(ReentrantThreadExecutor.java:22) ~[minecraft-1.16.5-mapped-net.fabricmc.yarn-1.16.5+build.6-v2.jar:?]
	at net.minecraft.util.thread.ThreadExecutor.runTask(ThreadExecutor.java:109) ~[minecraft-1.16.5-mapped-net.fabricmc.yarn-1.16.5+build.6-v2.jar:?]
	at net.minecraft.util.thread.ThreadExecutor.runTasks(ThreadExecutor.java:119) ~[minecraft-1.16.5-mapped-net.fabricmc.yarn-1.16.5+build.6-v2.jar:?]
	at net.minecraft.client.MinecraftClient.method_29604(MinecraftClient.java:1895) ~[minecraft-1.16.5-mapped-net.fabricmc.yarn-1.16.5+build.6-v2.jar:?]
	at net.minecraft.client.MinecraftClient.startIntegratedServer(MinecraftClient.java:1730) ~[minecraft-1.16.5-mapped-net.fabricmc.yarn-1.16.5+build.6-v2.jar:?]
	at net.minecraft.client.MinecraftClient.method_29607(MinecraftClient.java:1714) ~[minecraft-1.16.5-mapped-net.fabricmc.yarn-1.16.5+build.6-v2.jar:?]
	at net.minecraft.client.gui.screen.world.CreateWorldScreen.createLevel(CreateWorldScreen.java:270) ~[minecraft-1.16.5-mapped-net.fabricmc.yarn-1.16.5+build.6-v2.jar:?]
	at net.minecraft.client.gui.screen.world.CreateWorldScreen.method_19922(CreateWorldScreen.java:214) ~[minecraft-1.16.5-mapped-net.fabricmc.yarn-1.16.5+build.6-v2.jar:?]
	at net.minecraft.client.gui.widget.ButtonWidget.onPress(ButtonWidget.java:26) ~[minecraft-1.16.5-mapped-net.fabricmc.yarn-1.16.5+build.6-v2.jar:?]
	at net.minecraft.client.gui.widget.AbstractPressableButtonWidget.onClick(AbstractPressableButtonWidget.java:17) ~[minecraft-1.16.5-mapped-net.fabricmc.yarn-1.16.5+build.6-v2.jar:?]
	at net.minecraft.client.gui.widget.AbstractButtonWidget.mouseClicked(AbstractButtonWidget.java:136) ~[minecraft-1.16.5-mapped-net.fabricmc.yarn-1.16.5+build.6-v2.jar:?]
	at net.minecraft.client.gui.ParentElement.mouseClicked(ParentElement.java:49) ~[minecraft-1.16.5-mapped-net.fabricmc.yarn-1.16.5+build.6-v2.jar:?]
	at net.minecraft.client.Mouse.method_1611(Mouse.java:85) ~[minecraft-1.16.5-mapped-net.fabricmc.yarn-1.16.5+build.6-v2.jar:?]
	at net.minecraft.client.gui.screen.Screen.wrapScreenError(Screen.java:448) ~[minecraft-1.16.5-mapped-net.fabricmc.yarn-1.16.5+build.6-v2.jar:?]
	at net.minecraft.client.Mouse.onMouseButton(Mouse.java:85) ~[minecraft-1.16.5-mapped-net.fabricmc.yarn-1.16.5+build.6-v2.jar:?]
	at net.minecraft.client.Mouse.method_22686(Mouse.java:172) ~[minecraft-1.16.5-mapped-net.fabricmc.yarn-1.16.5+build.6-v2.jar:?]
	at net.minecraft.util.thread.ThreadExecutor.execute(ThreadExecutor.java:86) ~[minecraft-1.16.5-mapped-net.fabricmc.yarn-1.16.5+build.6-v2.jar:?]
	at net.minecraft.client.Mouse.method_22684(Mouse.java:172) ~[minecraft-1.16.5-mapped-net.fabricmc.yarn-1.16.5+build.6-v2.jar:?]
	at org.lwjgl.glfw.GLFWMouseButtonCallbackI.callback(GLFWMouseButtonCallbackI.java:36) [lwjgl-glfw-3.2.1.jar:build 12]
	at org.lwjgl.system.JNI.invokeV(Native Method) ~[lwjgl-3.2.1.jar:build 12]
	at org.lwjgl.glfw.GLFW.glfwPollEvents(GLFW.java:3050) [lwjgl-glfw-3.2.1.jar:build 12]
	at com.mojang.blaze3d.systems.RenderSystem.flipFrame(RenderSystem.java:89) [minecraft-1.16.5-mapped-net.fabricmc.yarn-1.16.5+build.6-v2.jar:?]
	at net.minecraft.client.util.Window.swapBuffers(Window.java:339) [minecraft-1.16.5-mapped-net.fabricmc.yarn-1.16.5+build.6-v2.jar:?]
	at net.minecraft.client.MinecraftClient.render(MinecraftClient.java:1026) [minecraft-1.16.5-mapped-net.fabricmc.yarn-1.16.5+build.6-v2.jar:?]
	at net.minecraft.client.MinecraftClient.run(MinecraftClient.java:624) [minecraft-1.16.5-mapped-net.fabricmc.yarn-1.16.5+build.6-v2.jar:?]
	at net.minecraft.client.main.Main.main(Main.java:187) [minecraft-1.16.5-mapped-net.fabricmc.yarn-1.16.5+build.6-v2.jar:?]
	at sun.reflect.NativeMethodAccessorImpl.invoke0(Native Method) ~[?:1.8.0_282]
	at sun.reflect.NativeMethodAccessorImpl.invoke(NativeMethodAccessorImpl.java:62) ~[?:1.8.0_282]
	at sun.reflect.DelegatingMethodAccessorImpl.invoke(DelegatingMethodAccessorImpl.java:43) ~[?:1.8.0_282]
	at java.lang.reflect.Method.invoke(Method.java:498) ~[?:1.8.0_282]
	at net.fabricmc.loader.game.MinecraftGameProvider.launch(MinecraftGameProvider.java:226) [fabric-loader-0.11.3.jar:?]
	at net.fabricmc.loader.launch.knot.Knot.launch(Knot.java:146) [fabric-loader-0.11.3.jar:?]
	at net.fabricmc.loader.launch.knot.KnotClient.main(KnotClient.java:28) [fabric-loader-0.11.3.jar:?]
	at net.fabricmc.devlaunchinjector.Main.main(Main.java:86) [dev-launch-injector-0.2.1+build.8.jar:?]
[17:30:43] [main/INFO] (Minecraft) Loaded 7 recipes
[17:30:44] [main/INFO] (Minecraft) Loaded 927 advancements
[17:30:44] [main/INFO] (BiomeModificationImpl) Applied 0 biome modifications to 0 of 80 new biomes in 3.875 ms
[17:30:50] [main/INFO] (Minecraft) Environment: authHost='https://authserver.mojang.com', accountsHost='https://api.mojang.com', sessionHost='https://sessionserver.mojang.com', servicesHost='https://api.minecraftservices.com', name='PROD'
[17:30:50] [Server thread/INFO] (Minecraft) Starting integrated minecraft server version 1.16.5
[17:30:50] [Server thread/INFO] (Minecraft) Generating keypair
[17:30:53] [Server thread/INFO] (Minecraft) Preparing start region for dimension minecraft:overworld
[17:30:54] [main/INFO] (Minecraft) Preparing spawn area: 0%
[17:30:56] [main/INFO] (Minecraft) Preparing spawn area: 0%
[17:30:56] [main/INFO] (Minecraft) Preparing spawn area: 0%
[17:30:56] [main/INFO] (Minecraft) Preparing spawn area: 0%
[17:30:56] [main/INFO] (Minecraft) Preparing spawn area: 0%
[17:30:56] [main/INFO] (Minecraft) Preparing spawn area: 0%
[17:30:56] [main/INFO] (Minecraft) Preparing spawn area: 0%
[17:30:57] [main/INFO] (Minecraft) Preparing spawn area: 0%
[17:30:57] [main/INFO] (Minecraft) Preparing spawn area: 0%
[17:30:58] [main/INFO] (Minecraft) Preparing spawn area: 0%
[17:30:58] [main/INFO] (Minecraft) Preparing spawn area: 0%
[17:30:59] [main/INFO] (Minecraft) Preparing spawn area: 0%
[17:31:00] [main/INFO] (Minecraft) Preparing spawn area: 0%
[17:31:00] [main/INFO] (Minecraft) Preparing spawn area: 0%
[17:31:09] [main/INFO] (Minecraft) Preparing spawn area: 8%
[17:31:09] [main/INFO] (Minecraft) Preparing spawn area: 8%
[17:31:09] [main/INFO] (Minecraft) Preparing spawn area: 8%
[17:31:09] [main/INFO] (Minecraft) Preparing spawn area: 8%
[17:31:09] [main/INFO] (Minecraft) Preparing spawn area: 8%
[17:31:09] [main/INFO] (Minecraft) Preparing spawn area: 8%
[17:31:09] [main/INFO] (Minecraft) Preparing spawn area: 8%
[17:31:09] [main/INFO] (Minecraft) Preparing spawn area: 8%
[17:31:09] [main/INFO] (Minecraft) Preparing spawn area: 8%
[17:31:09] [main/INFO] (Minecraft) Preparing spawn area: 8%
[17:31:09] [main/INFO] (Minecraft) Preparing spawn area: 8%
[17:31:09] [main/INFO] (Minecraft) Preparing spawn area: 8%
[17:31:09] [main/INFO] (Minecraft) Preparing spawn area: 8%
[17:31:09] [main/INFO] (Minecraft) Preparing spawn area: 8%
[17:31:09] [main/INFO] (Minecraft) Preparing spawn area: 8%
[17:31:09] [main/INFO] (Minecraft) Preparing spawn area: 8%
[17:31:09] [main/INFO] (Minecraft) Preparing spawn area: 8%
[17:31:15] [main/INFO] (Minecraft) Preparing spawn area: 55%
[17:31:15] [main/INFO] (Minecraft) Preparing spawn area: 55%
[17:31:15] [main/INFO] (Minecraft) Preparing spawn area: 55%
[17:31:15] [main/INFO] (Minecraft) Preparing spawn area: 55%
[17:31:15] [main/INFO] (Minecraft) Preparing spawn area: 55%
[17:31:15] [main/INFO] (Minecraft) Preparing spawn area: 55%
[17:31:15] [main/INFO] (Minecraft) Preparing spawn area: 55%
[17:31:15] [main/INFO] (Minecraft) Preparing spawn area: 55%
[17:31:15] [main/INFO] (Minecraft) Preparing spawn area: 55%
[17:31:15] [main/INFO] (Minecraft) Preparing spawn area: 55%
[17:31:15] [main/INFO] (Minecraft) Preparing spawn area: 55%
[17:31:15] [main/INFO] (Minecraft) Preparing spawn area: 55%
[17:31:17] [main/INFO] (Minecraft) Time elapsed: 23558 ms
[17:31:17] [Server thread/INFO] (Minecraft) Changing view distance to 11, from 10
[17:31:21] [Server thread/WARN] (Minecraft) Can't keep up! Is the server overloaded? Running 3760ms or 75 ticks behind
[17:31:22] [Server thread/INFO] (Minecraft) Player835[local:E:5b87c2c1] logged in with entity id 1 at (154.5, 4.0, -182.5)
[17:31:23] [Server thread/INFO] (Minecraft) Player835 joined the game
[17:31:24] [Server thread/INFO] (Minecraft) Saving and pausing game...
[17:31:24] [Server thread/INFO] (Minecraft) Saving chunks for level 'ServerLevel[test]'/minecraft:overworld
[17:31:24] [main/INFO] (Minecraft) Loaded 0 advancements
[17:31:25] [Server thread/INFO] (Minecraft) Saving chunks for level 'ServerLevel[test]'/minecraft:the_nether
[17:31:25] [Server thread/INFO] (Minecraft) Saving chunks for level 'ServerLevel[test]'/minecraft:the_end
